<?xml version="1.0" encoding="UTF-8"?>
<testsuite xmlns:xsi="http://www.w3.org/2001/XMLSchema-instance" xsi:noNamespaceSchemaLocation="https://maven.apache.org/surefire/maven-surefire-plugin/xsd/surefire-test-report.xsd" name="com.baizhi.Test.TestGoEasy" time="25.068" tests="2" errors="0" skipped="0" failures="0">
  <properties>
[...]
</properties>
  <testcase name="testGoEasys" classname="com.baizhi.Test.TestGoEasy" time="24.866"/>
  <testcase name="testGoEasy" classname="com.baizhi.Test.TestGoEasy" time="0.202"/>
</testsuite>