<?xml version="1.0" encoding="UTF-8"?>
<testsuite xmlns:xsi="http://www.w3.org/2001/XMLSchema-instance" xsi:noNamespaceSchemaLocation="https://maven.apache.org/surefire/maven-surefire-plugin/xsd/surefire-test-report.xsd" name="com.baizhi.Test.RedisTest" time="30.903" tests="1" errors="1" skipped="0" failures="0">
  <properties>
[...]
</properties>
  <testcase name="test0" classname="com.baizhi.Test.RedisTest" time="6.056">
    <error message="Unable to connect to Redis; nested exception is io.lettuce.core.RedisConnectionException: Unable to connect to localhost:6379" type="org.springframework.data.redis.RedisConnectionFailureException">org.springframework.data.redis.RedisConnectionFailureException: Unable to connect to Redis; nested exception is io.lettuce.core.RedisConnectionException: Unable to connect to localhost:6379
	at com.baizhi.Test.RedisTest.test0(RedisTest.java:35)
Caused by: io.lettuce.core.RedisConnectionException: Unable to connect to localhost:6379
	at com.baizhi.Test.RedisTest.test0(RedisTest.java:35)
Caused by: io.netty.channel.AbstractChannel$AnnotatedConnectException: Connection refused: no further information: localhost/127.0.0.1:6379
Caused by: java.net.ConnectException: Connection refused: no further information
</error>
    <system-out><![CDATA[21:25:26.836 [main] DEBUG org.springframework.test.context.junit4.SpringJUnit4ClassRunner - SpringJUnit4ClassRunner constructor called with [class com.baizhi.Test.RedisTest]
21:25:26.846 [main] DEBUG org.springframework.test.context.BootstrapUtils - Instantiating CacheAwareContextLoaderDelegate from class [org.springframework.test.context.cache.DefaultCacheAwareContextLoaderDelegate]
21:25:26.859 [main] DEBUG org.springframework.test.context.BootstrapUtils - Instantiating BootstrapContext using constructor [public org.springframework.test.context.support.DefaultBootstrapContext(java.lang.Class,org.springframework.test.context.CacheAwareContextLoaderDelegate)]
21:25:26.885 [main] DEBUG org.springframework.test.context.BootstrapUtils - Instantiating TestContextBootstrapper for test class [com.baizhi.Test.RedisTest] from class [org.springframework.boot.test.context.SpringBootTestContextBootstrapper]
21:25:26.924 [main] INFO org.springframework.boot.test.context.SpringBootTestContextBootstrapper - Neither @ContextConfiguration nor @ContextHierarchy found for test class [com.baizhi.Test.RedisTest], using SpringBootContextLoader
21:25:26.929 [main] DEBUG org.springframework.test.context.support.AbstractContextLoader - Did not detect default resource location for test class [com.baizhi.Test.RedisTest]: class path resource [com/baizhi/Test/RedisTest-context.xml] does not exist
21:25:26.930 [main] DEBUG org.springframework.test.context.support.AbstractContextLoader - Did not detect default resource location for test class [com.baizhi.Test.RedisTest]: class path resource [com/baizhi/Test/RedisTestContext.groovy] does not exist
21:25:26.930 [main] INFO org.springframework.test.context.support.AbstractContextLoader - Could not detect default resource locations for test class [com.baizhi.Test.RedisTest]: no resource found for suffixes {-context.xml, Context.groovy}.
21:25:27.010 [main] DEBUG org.springframework.test.context.support.ActiveProfilesUtils - Could not find an 'annotation declaring class' for annotation type [org.springframework.test.context.ActiveProfiles] and class [com.baizhi.Test.RedisTest]
21:25:27.342 [main] DEBUG org.springframework.boot.test.context.SpringBootTestContextBootstrapper - @TestExecutionListeners is not present for class [com.baizhi.Test.RedisTest]: using defaults.
21:25:27.344 [main] INFO org.springframework.boot.test.context.SpringBootTestContextBootstrapper - Loaded default TestExecutionListener class names from location [META-INF/spring.factories]: [org.springframework.boot.test.mock.mockito.MockitoTestExecutionListener, org.springframework.boot.test.mock.mockito.ResetMocksTestExecutionListener, org.springframework.boot.test.autoconfigure.restdocs.RestDocsTestExecutionListener, org.springframework.boot.test.autoconfigure.web.client.MockRestServiceServerResetTestExecutionListener, org.springframework.boot.test.autoconfigure.web.servlet.MockMvcPrintOnlyOnFailureTestExecutionListener, org.springframework.boot.test.autoconfigure.web.servlet.WebDriverTestExecutionListener, org.springframework.test.context.web.ServletTestExecutionListener, org.springframework.test.context.support.DirtiesContextBeforeModesTestExecutionListener, org.springframework.test.context.support.DependencyInjectionTestExecutionListener, org.springframework.test.context.support.DirtiesContextTestExecutionListener, org.springframework.test.context.transaction.TransactionalTestExecutionListener, org.springframework.test.context.jdbc.SqlScriptsTestExecutionListener]
21:25:27.394 [main] INFO org.springframework.boot.test.context.SpringBootTestContextBootstrapper - Using TestExecutionListeners: [org.springframework.test.context.web.ServletTestExecutionListener@291caca8, org.springframework.test.context.support.DirtiesContextBeforeModesTestExecutionListener@385e9564, org.springframework.boot.test.mock.mockito.MockitoTestExecutionListener@5b94b04d, org.springframework.boot.test.autoconfigure.SpringBootDependencyInjectionTestExecutionListener@8c3b9d, org.springframework.test.context.support.DirtiesContextTestExecutionListener@4c39bec8, org.springframework.test.context.transaction.TransactionalTestExecutionListener@f79e, org.springframework.test.context.jdbc.SqlScriptsTestExecutionListener@7ee8290b, org.springframework.boot.test.mock.mockito.ResetMocksTestExecutionListener@1f59a598, org.springframework.boot.test.autoconfigure.restdocs.RestDocsTestExecutionListener@1e178745, org.springframework.boot.test.autoconfigure.web.client.MockRestServiceServerResetTestExecutionListener@192c3f1e, org.springframework.boot.test.autoconfigure.web.servlet.MockMvcPrintOnlyOnFailureTestExecutionListener@26b3fd41, org.springframework.boot.test.autoconfigure.web.servlet.WebDriverTestExecutionListener@7494f96a]
21:25:27.402 [main] DEBUG org.springframework.test.annotation.ProfileValueUtils - Retrieved @ProfileValueSourceConfiguration [null] for test class [com.baizhi.Test.RedisTest]
21:25:27.405 [main] DEBUG org.springframework.test.annotation.ProfileValueUtils - Retrieved ProfileValueSource type [class org.springframework.test.annotation.SystemProfileValueSource] for class [com.baizhi.Test.RedisTest]
21:25:27.413 [main] DEBUG org.springframework.test.annotation.ProfileValueUtils - Retrieved @ProfileValueSourceConfiguration [null] for test class [com.baizhi.Test.RedisTest]
21:25:27.413 [main] DEBUG org.springframework.test.annotation.ProfileValueUtils - Retrieved ProfileValueSource type [class org.springframework.test.annotation.SystemProfileValueSource] for class [com.baizhi.Test.RedisTest]
21:25:27.417 [main] DEBUG org.springframework.test.annotation.ProfileValueUtils - Retrieved @ProfileValueSourceConfiguration [null] for test class [com.baizhi.Test.RedisTest]
21:25:27.417 [main] DEBUG org.springframework.test.annotation.ProfileValueUtils - Retrieved ProfileValueSource type [class org.springframework.test.annotation.SystemProfileValueSource] for class [com.baizhi.Test.RedisTest]
21:25:27.429 [main] DEBUG org.springframework.test.context.support.AbstractDirtiesContextTestExecutionListener - Before test class: context [DefaultTestContext@7b02881e testClass = RedisTest, testInstance = [null], testMethod = [null], testException = [null], mergedContextConfiguration = [WebMergedContextConfiguration@1ebd319f testClass = RedisTest, locations = '{}', classes = '{class com.baizhi.YxueApp, class com.baizhi.YxueApp}', contextInitializerClasses = '[]', activeProfiles = '{}', propertySourceLocations = '{}', propertySourceProperties = '{org.springframework.boot.test.context.SpringBootTestContextBootstrapper=true}', contextCustomizers = set[org.springframework.boot.test.context.filter.ExcludeFilterContextCustomizer@57175e74, org.springframework.boot.test.json.DuplicateJsonObjectContextCustomizerFactory$DuplicateJsonObjectContextCustomizer@770c2e6b, org.springframework.boot.test.mock.mockito.MockitoContextCustomizer@0, org.springframework.boot.test.web.client.TestRestTemplateContextCustomizer@5ea434c8, org.springframework.boot.test.autoconfigure.properties.PropertyMappingContextCustomizer@0, org.springframework.boot.test.autoconfigure.web.servlet.WebDriverContextCustomizerFactory$Customizer@2b546384], resourceBasePath = 'src/main/webapp', contextLoader = 'org.springframework.boot.test.context.SpringBootContextLoader', parent = [null]], attributes = map['org.springframework.test.context.web.ServletTestExecutionListener.activateListener' -> true]], class annotated with @DirtiesContext [false] with mode [null].
21:25:27.430 [main] DEBUG org.springframework.test.annotation.ProfileValueUtils - Retrieved @ProfileValueSourceConfiguration [null] for test class [com.baizhi.Test.RedisTest]
21:25:27.430 [main] DEBUG org.springframework.test.annotation.ProfileValueUtils - Retrieved ProfileValueSource type [class org.springframework.test.annotation.SystemProfileValueSource] for class [com.baizhi.Test.RedisTest]
21:25:27.502 [main] DEBUG org.springframework.core.env.StandardEnvironment - Adding PropertySource 'systemProperties' with lowest search precedence
21:25:27.502 [main] DEBUG org.springframework.core.env.StandardEnvironment - Adding PropertySource 'systemEnvironment' with lowest search precedence
21:25:27.504 [main] DEBUG org.springframework.core.env.StandardEnvironment - Initialized StandardEnvironment with PropertySources [MapPropertySource@561480862 {name='systemProperties', properties={java.runtime.name=Java(TM) SE Runtime Environment, sun.boot.library.path=C:\Program Files\Java\jdk1.8.0_91\jre\bin, java.vm.version=25.91-b14, java.vm.vendor=Oracle Corporation, java.vendor.url=http://java.oracle.com/, path.separator=;, java.vm.name=Java HotSpot(TM) 64-Bit Server VM, file.encoding.pkg=sun.io, user.country=CN, user.script=, sun.java.launcher=SUN_STANDARD, sun.os.patch.level=, java.vm.specification.name=Java Virtual Machine Specification, user.dir=F:\Idea-workspace\syj-yxue-module-system, java.runtime.version=1.8.0_91-b14, basedir=F:\Idea-workspace\syj-yxue-module-system, java.awt.graphicsenv=sun.awt.Win32GraphicsEnvironment, java.endorsed.dirs=C:\Program Files\Java\jdk1.8.0_91\jre\lib\endorsed, os.arch=amd64, surefire.real.class.path=C:\Users\hp\AppData\Local\Temp\surefire7886337220343814393\surefirebooter8444712084910375764.jar, java.io.tmpdir=C:\Users\hp\AppData\Local\Temp\, line.separator=
, java.vm.specification.vendor=Oracle Corporation, user.variant=, os.name=Windows 10, sun.jnu.encoding=GBK, java.library.path=C:\Program Files\Java\jdk1.8.0_91\jre\bin;C:\WINDOWS\Sun\Java\bin;C:\WINDOWS\system32;C:\WINDOWS;C:\oraclexe\app\oracle\product\10.2.0\server\bin;C:\Program Files\Java\jdk1.8.0_91\bin;C:\WINDOWS\system32;C:\WINDOWS;C:\WINDOWS\system32\wbem;F:\Program Files\VanDyke Software\Clients\;C:\Program Files\NVIDIA Corporation\NVIDIA NvDLISR;C:\Users\hp\AppData\Local\Microsoft\WindowsApps;;., surefire.test.class.path=F:\Idea-workspace\syj-yxue-module-system\target\test-classes;F:\Idea-workspace\syj-yxue-module-system\target\classes;F:\repo3\org\springframework\boot\spring-boot-starter\2.0.6.RELEASE\spring-boot-starter-2.0.6.RELEASE.jar;F:\repo3\org\springframework\boot\spring-boot\2.0.6.RELEASE\spring-boot-2.0.6.RELEASE.jar;F:\repo3\org\springframework\spring-context\5.0.10.RELEASE\spring-context-5.0.10.RELEASE.jar;F:\repo3\org\springframework\boot\spring-boot-autoconfigure\2.0.6.RELEASE\spring-boot-autoconfigure-2.0.6.RELEASE.jar;F:\repo3\org\springframework\boot\spring-boot-starter-logging\2.0.6.RELEASE\spring-boot-starter-logging-2.0.6.RELEASE.jar;F:\repo3\ch\qos\logback\logback-classic\1.2.3\logback-classic-1.2.3.jar;F:\repo3\ch\qos\logback\logback-core\1.2.3\logback-core-1.2.3.jar;F:\repo3\org\apache\logging\log4j\log4j-to-slf4j\2.10.0\log4j-to-slf4j-2.10.0.jar;F:\repo3\org\apache\logging\log4j\log4j-api\2.10.0\log4j-api-2.10.0.jar;F:\repo3\org\slf4j\jul-to-slf4j\1.7.25\jul-to-slf4j-1.7.25.jar;F:\repo3\javax\annotation\javax.annotation-api\1.3.2\javax.annotation-api-1.3.2.jar;F:\repo3\org\springframework\spring-core\5.0.10.RELEASE\spring-core-5.0.10.RELEASE.jar;F:\repo3\org\springframework\spring-jcl\5.0.10.RELEASE\spring-jcl-5.0.10.RELEASE.jar;F:\repo3\org\yaml\snakeyaml\1.19\snakeyaml-1.19.jar;F:\repo3\org\springframework\boot\spring-boot-starter-test\2.0.6.RELEASE\spring-boot-starter-test-2.0.6.RELEASE.jar;F:\repo3\org\springframework\boot\spring-boot-test\2.0.6.RELEASE\spring-boot-test-2.0.6.RELEASE.jar;F:\repo3\org\springframework\boot\spring-boot-test-autoconfigure\2.0.6.RELEASE\spring-boot-test-autoconfigure-2.0.6.RELEASE.jar;F:\repo3\com\jayway\jsonpath\json-path\2.4.0\json-path-2.4.0.jar;F:\repo3\net\minidev\json-smart\2.3\json-smart-2.3.jar;F:\repo3\net\minidev\accessors-smart\1.2\accessors-smart-1.2.jar;F:\repo3\org\ow2\asm\asm\5.0.4\asm-5.0.4.jar;F:\repo3\junit\junit\4.12\junit-4.12.jar;F:\repo3\org\assertj\assertj-core\3.9.1\assertj-core-3.9.1.jar;F:\repo3\org\mockito\mockito-core\2.15.0\mockito-core-2.15.0.jar;F:\repo3\net\bytebuddy\byte-buddy\1.7.11\byte-buddy-1.7.11.jar;F:\repo3\net\bytebuddy\byte-buddy-agent\1.7.11\byte-buddy-agent-1.7.11.jar;F:\repo3\org\objenesis\objenesis\2.6\objenesis-2.6.jar;F:\repo3\org\hamcrest\hamcrest-core\1.3\hamcrest-core-1.3.jar;F:\repo3\org\hamcrest\hamcrest-library\1.3\hamcrest-library-1.3.jar;F:\repo3\org\skyscreamer\jsonassert\1.5.0\jsonassert-1.5.0.jar;F:\repo3\com\vaadin\external\google\android-json\0.0.20131108.vaadin1\android-json-0.0.20131108.vaadin1.jar;F:\repo3\org\springframework\spring-test\5.0.10.RELEASE\spring-test-5.0.10.RELEASE.jar;F:\repo3\org\xmlunit\xmlunit-core\2.5.1\xmlunit-core-2.5.1.jar;F:\repo3\org\springframework\boot\spring-boot-starter-web\2.0.6.RELEASE\spring-boot-starter-web-2.0.6.RELEASE.jar;F:\repo3\org\springframework\boot\spring-boot-starter-json\2.0.6.RELEASE\spring-boot-starter-json-2.0.6.RELEASE.jar;F:\repo3\com\fasterxml\jackson\core\jackson-databind\2.9.7\jackson-databind-2.9.7.jar;F:\repo3\com\fasterxml\jackson\core\jackson-annotations\2.9.0\jackson-annotations-2.9.0.jar;F:\repo3\com\fasterxml\jackson\core\jackson-core\2.9.7\jackson-core-2.9.7.jar;F:\repo3\com\fasterxml\jackson\datatype\jackson-datatype-jdk8\2.9.7\jackson-datatype-jdk8-2.9.7.jar;F:\repo3\com\fasterxml\jackson\datatype\jackson-datatype-jsr310\2.9.7\jackson-datatype-jsr310-2.9.7.jar;F:\repo3\com\fasterxml\jackson\module\jackson-module-parameter-names\2.9.7\jackson-module-parameter-names-2.9.7.jar;F:\repo3\org\springframework\boot\spring-boot-starter-tomcat\2.0.6.RELEASE\spring-boot-starter-tomcat-2.0.6.RELEASE.jar;F:\repo3\org\apache\tomcat\embed\tomcat-embed-websocket\8.5.34\tomcat-embed-websocket-8.5.34.jar;F:\repo3\org\hibernate\validator\hibernate-validator\6.0.13.Final\hibernate-validator-6.0.13.Final.jar;F:\repo3\org\jboss\logging\jboss-logging\3.3.2.Final\jboss-logging-3.3.2.Final.jar;F:\repo3\com\fasterxml\classmate\1.3.4\classmate-1.3.4.jar;F:\repo3\org\springframework\spring-web\5.0.10.RELEASE\spring-web-5.0.10.RELEASE.jar;F:\repo3\org\springframework\spring-beans\5.0.10.RELEASE\spring-beans-5.0.10.RELEASE.jar;F:\repo3\org\springframework\spring-webmvc\5.0.10.RELEASE\spring-webmvc-5.0.10.RELEASE.jar;F:\repo3\org\springframework\spring-expression\5.0.10.RELEASE\spring-expression-5.0.10.RELEASE.jar;F:\repo3\org\projectlombok\lombok\1.16.22\lombok-1.16.22.jar;F:\repo3\com\baomidou\mybatis-plus-boot-starter\3.2.0\mybatis-plus-boot-starter-3.2.0.jar;F:\repo3\com\baomidou\mybatis-plus\3.2.0\mybatis-plus-3.2.0.jar;F:\repo3\org\springframework\boot\spring-boot-starter-jdbc\2.0.6.RELEASE\spring-boot-starter-jdbc-2.0.6.RELEASE.jar;F:\repo3\com\zaxxer\HikariCP\2.7.9\HikariCP-2.7.9.jar;F:\repo3\org\springframework\spring-jdbc\5.0.10.RELEASE\spring-jdbc-5.0.10.RELEASE.jar;F:\repo3\mysql\mysql-connector-java\5.1.47\mysql-connector-java-5.1.47.jar;F:\repo3\com\alibaba\druid-spring-boot-starter\1.1.17\druid-spring-boot-starter-1.1.17.jar;F:\repo3\com\alibaba\druid\1.1.17\druid-1.1.17.jar;F:\repo3\org\slf4j\slf4j-api\1.7.25\slf4j-api-1.7.25.jar;F:\repo3\org\springframework\boot\spring-boot-starter-aop\2.0.6.RELEASE\spring-boot-starter-aop-2.0.6.RELEASE.jar;F:\repo3\org\springframework\spring-aop\5.0.10.RELEASE\spring-aop-5.0.10.RELEASE.jar;F:\repo3\org\aspectj\aspectjweaver\1.8.13\aspectjweaver-1.8.13.jar;F:\repo3\jstl\jstl\1.2\jstl-1.2.jar;F:\repo3\org\apache\tomcat\embed\tomcat-embed-jasper\8.5.34\tomcat-embed-jasper-8.5.34.jar;F:\repo3\org\apache\tomcat\embed\tomcat-embed-core\8.5.34\tomcat-embed-core-8.5.34.jar;F:\repo3\org\apache\tomcat\tomcat-annotations-api\8.5.34\tomcat-annotations-api-8.5.34.jar;F:\repo3\org\apache\tomcat\embed\tomcat-embed-el\8.5.34\tomcat-embed-el-8.5.34.jar;F:\repo3\org\eclipse\jdt\ecj\3.12.3\ecj-3.12.3.jar;F:\repo3\com\oracle\ojdbc6\12.1.0.1-atlassian-hosted\ojdbc6-12.1.0.1-atlassian-hosted.jar;F:\repo3\org\apache\commons\commons-lang3\3.8.1\commons-lang3-3.8.1.jar;F:\repo3\commons-io\commons-io\2.6\commons-io-2.6.jar;F:\repo3\commons-fileupload\commons-fileupload\1.3.3\commons-fileupload-1.3.3.jar;F:\repo3\com\baomidou\mybatis-plus-generator\3.4.0\mybatis-plus-generator-3.4.0.jar;F:\repo3\com\baomidou\mybatis-plus-extension\3.4.0\mybatis-plus-extension-3.4.0.jar;F:\repo3\com\baomidou\mybatis-plus-core\3.4.0\mybatis-plus-core-3.4.0.jar;F:\repo3\com\baomidou\mybatis-plus-annotation\3.4.0\mybatis-plus-annotation-3.4.0.jar;F:\repo3\com\github\jsqlparser\jsqlparser\3.2\jsqlparser-3.2.jar;F:\repo3\org\mybatis\mybatis\3.5.5\mybatis-3.5.5.jar;F:\repo3\org\mybatis\mybatis-spring\2.0.5\mybatis-spring-2.0.5.jar;F:\repo3\org\apache\velocity\velocity-engine-core\2.2\velocity-engine-core-2.2.jar;F:\repo3\javax\servlet\javax.servlet-api\3.1.0\javax.servlet-api-3.1.0.jar;F:\repo3\com\aliyun\aliyun-java-sdk-core\4.5.3\aliyun-java-sdk-core-4.5.3.jar;F:\repo3\com\google\code\gson\gson\2.8.5\gson-2.8.5.jar;F:\repo3\org\apache\httpcomponents\httpclient\4.5.6\httpclient-4.5.6.jar;F:\repo3\commons-codec\commons-codec\1.11\commons-codec-1.11.jar;F:\repo3\org\apache\httpcomponents\httpcore\4.4.10\httpcore-4.4.10.jar;F:\repo3\commons-logging\commons-logging\1.2\commons-logging-1.2.jar;F:\repo3\javax\xml\bind\jaxb-api\2.3.1\jaxb-api-2.3.1.jar;F:\repo3\javax\activation\javax.activation-api\1.2.0\javax.activation-api-1.2.0.jar;F:\repo3\org\jacoco\org.jacoco.agent\0.8.5\org.jacoco.agent-0.8.5-runtime.jar;F:\repo3\org\ini4j\ini4j\0.5.4\ini4j-0.5.4.jar;F:\repo3\io\opentracing\opentracing-api\0.33.0\opentracing-api-0.33.0.jar;F:\repo3\io\opentracing\opentracing-util\0.33.0\opentracing-util-0.33.0.jar;F:\repo3\io\opentracing\opentracing-noop\0.33.0\opentracing-noop-0.33.0.jar;F:\repo3\com\qiniu\qiniu-java-sdk\7.3.0\qiniu-java-sdk-7.3.0.jar;F:\repo3\com\squareup\okhttp3\okhttp\3.14.4\okhttp-3.14.4.jar;F:\repo3\com\squareup\okio\okio\1.17.2\okio-1.17.2.jar;F:\repo3\org\springframework\boot\spring-boot-starter-data-redis\2.0.6.RELEASE\spring-boot-starter-data-redis-2.0.6.RELEASE.jar;F:\repo3\org\springframework\data\spring-data-redis\2.0.11.RELEASE\spring-data-redis-2.0.11.RELEASE.jar;F:\repo3\org\springframework\data\spring-data-keyvalue\2.0.11.RELEASE\spring-data-keyvalue-2.0.11.RELEASE.jar;F:\repo3\org\springframework\data\spring-data-commons\2.0.11.RELEASE\spring-data-commons-2.0.11.RELEASE.jar;F:\repo3\org\springframework\spring-tx\5.0.10.RELEASE\spring-tx-5.0.10.RELEASE.jar;F:\repo3\org\springframework\spring-oxm\5.0.10.RELEASE\spring-oxm-5.0.10.RELEASE.jar;F:\repo3\org\springframework\spring-context-support\5.0.10.RELEASE\spring-context-support-5.0.10.RELEASE.jar;F:\repo3\io\lettuce\lettuce-core\5.0.5.RELEASE\lettuce-core-5.0.5.RELEASE.jar;F:\repo3\io\projectreactor\reactor-core\3.1.10.RELEASE\reactor-core-3.1.10.RELEASE.jar;F:\repo3\org\reactivestreams\reactive-streams\1.0.2\reactive-streams-1.0.2.jar;F:\repo3\io\netty\netty-common\4.1.29.Final\netty-common-4.1.29.Final.jar;F:\repo3\io\netty\netty-transport\4.1.29.Final\netty-transport-4.1.29.Final.jar;F:\repo3\io\netty\netty-buffer\4.1.29.Final\netty-buffer-4.1.29.Final.jar;F:\repo3\io\netty\netty-resolver\4.1.29.Final\netty-resolver-4.1.29.Final.jar;F:\repo3\io\netty\netty-handler\4.1.29.Final\netty-handler-4.1.29.Final.jar;F:\repo3\io\netty\netty-codec\4.1.29.Final\netty-codec-4.1.29.Final.jar;F:\repo3\io\goeasy\goeasy-sdk\0.3.14\goeasy-sdk-0.3.14.jar;F:\repo3\com\alibaba\fastjson\1.2.24\fastjson-1.2.24.jar;F:\repo3\org\bytedeco\javacv\0.8\javacv-0.8.jar;F:\repo3\org\bytedeco\javacpp\0.8\javacpp-0.8.jar;F:\repo3\org\bytedeco\javacpp-presets\opencv\2.4.9-0.8\opencv-2.4.9-0.8.jar;F:\repo3\org\bytedeco\javacpp-presets\ffmpeg\2.2.1-0.8\ffmpeg-2.2.1-0.8.jar;F:\repo3\org\bytedeco\javacpp-presets\flycapture\1.7.17-0.8\flycapture-1.7.17-0.8.jar;F:\repo3\org\bytedeco\javacpp-presets\libdc1394\2.2.2-0.8\libdc1394-2.2.2-0.8.jar;F:\repo3\org\bytedeco\javacpp-presets\libfreenect\0.4-0.8\libfreenect-0.4-0.8.jar;F:\repo3\org\bytedeco\javacpp-presets\videoinput\0.200-0.8\videoinput-0.200-0.8.jar;F:\repo3\org\bytedeco\javacpp-presets\artoolkitplus\2.3.0-0.8\artoolkitplus-2.3.0-0.8.jar;F:\repo3\org\bytedeco\javacpp-presets\opencv\2.4.9-0.8\opencv-2.4.9-0.8-windows-x86_64.jar;F:\repo3\org\bytedeco\javacpp-presets\ffmpeg\2.2.1-0.8\ffmpeg-2.2.1-0.8-windows-x86_64.jar;F:\repo3\org\bytedeco\javacpp-presets\flycapture\1.7.17-0.8\flycapture-1.7.17-0.8-windows-x86_64.jar;F:\repo3\org\bytedeco\javacpp-presets\libdc1394\2.2.2-0.8\libdc1394-2.2.2-0.8-windows-x86_64.jar;F:\repo3\org\bytedeco\javacpp-presets\libfreenect\0.4-0.8\libfreenect-0.4-0.8-windows-x86_64.jar;F:\repo3\org\bytedeco\javacpp-presets\videoinput\0.200-0.8\videoinput-0.200-0.8-windows-x86_64.jar;F:\repo3\org\bytedeco\javacpp-presets\artoolkitplus\2.3.0-0.8\artoolkitplus-2.3.0-0.8-windows-x86_64.jar;F:\repo3\cn\afterturn\easypoi-base\4.0.0\easypoi-base-4.0.0.jar;F:\repo3\org\apache\poi\poi\4.0.0\poi-4.0.0.jar;F:\repo3\org\apache\commons\commons-collections4\4.2\commons-collections4-4.2.jar;F:\repo3\org\apache\poi\poi-ooxml\4.0.0\poi-ooxml-4.0.0.jar;F:\repo3\org\apache\commons\commons-compress\1.18\commons-compress-1.18.jar;F:\repo3\com\github\virtuald\curvesapi\1.04\curvesapi-1.04.jar;F:\repo3\org\apache\poi\poi-ooxml-schemas\4.0.0\poi-ooxml-schemas-4.0.0.jar;F:\repo3\org\apache\xmlbeans\xmlbeans\3.0.1\xmlbeans-3.0.1.jar;F:\repo3\com\google\guava\guava\16.0.1\guava-16.0.1.jar;F:\repo3\ognl\ognl\3.2.6\ognl-3.2.6.jar;F:\repo3\org\javassist\javassist\3.20.0-GA\javassist-3.20.0-GA.jar;F:\repo3\javax\validation\validation-api\2.0.1.Final\validation-api-2.0.1.Final.jar;F:\repo3\cn\afterturn\easypoi-web\4.0.0\easypoi-web-4.0.0.jar;F:\repo3\cn\afterturn\easypoi-annotation\4.0.0\easypoi-annotation-4.0.0.jar;F:\repo3\cn\afterturn\easypoi-spring-boot-starter\4.0.0\easypoi-spring-boot-starter-4.0.0.jar;F:\repo3\org\junit\jupiter\junit-jupiter\5.7.0\junit-jupiter-5.7.0.jar;F:\repo3\org\junit\jupiter\junit-jupiter-api\5.1.1\junit-jupiter-api-5.1.1.jar;F:\repo3\org\apiguardian\apiguardian-api\1.0.0\apiguardian-api-1.0.0.jar;F:\repo3\org\opentest4j\opentest4j\1.0.0\opentest4j-1.0.0.jar;F:\repo3\org\junit\platform\junit-platform-commons\1.1.1\junit-platform-commons-1.1.1.jar;F:\repo3\org\junit\jupiter\junit-jupiter-params\5.1.1\junit-jupiter-params-5.1.1.jar;F:\repo3\org\junit\jupiter\junit-jupiter-engine\5.1.1\junit-jupiter-engine-5.1.1.jar;F:\repo3\org\junit\platform\junit-platform-engine\1.1.1\junit-platform-engine-1.1.1.jar;, java.specification.name=Java Platform API Specification, java.class.version=52.0, sun.management.compiler=HotSpot 64-Bit Tiered Compilers, idea.version2019.3.3=true, os.version=10.0, user.home=C:\Users\hp, user.timezone=GMT+08:00, java.awt.printerjob=sun.awt.windows.WPrinterJob, file.encoding=GBK, java.specification.version=1.8, java.class.path=F:\Idea-workspace\syj-yxue-module-system\target\test-classes;F:\Idea-workspace\syj-yxue-module-system\target\classes;F:\repo3\org\springframework\boot\spring-boot-starter\2.0.6.RELEASE\spring-boot-starter-2.0.6.RELEASE.jar;F:\repo3\org\springframework\boot\spring-boot\2.0.6.RELEASE\spring-boot-2.0.6.RELEASE.jar;F:\repo3\org\springframework\spring-context\5.0.10.RELEASE\spring-context-5.0.10.RELEASE.jar;F:\repo3\org\springframework\boot\spring-boot-autoconfigure\2.0.6.RELEASE\spring-boot-autoconfigure-2.0.6.RELEASE.jar;F:\repo3\org\springframework\boot\spring-boot-starter-logging\2.0.6.RELEASE\spring-boot-starter-logging-2.0.6.RELEASE.jar;F:\repo3\ch\qos\logback\logback-classic\1.2.3\logback-classic-1.2.3.jar;F:\repo3\ch\qos\logback\logback-core\1.2.3\logback-core-1.2.3.jar;F:\repo3\org\apache\logging\log4j\log4j-to-slf4j\2.10.0\log4j-to-slf4j-2.10.0.jar;F:\repo3\org\apache\logging\log4j\log4j-api\2.10.0\log4j-api-2.10.0.jar;F:\repo3\org\slf4j\jul-to-slf4j\1.7.25\jul-to-slf4j-1.7.25.jar;F:\repo3\javax\annotation\javax.annotation-api\1.3.2\javax.annotation-api-1.3.2.jar;F:\repo3\org\springframework\spring-core\5.0.10.RELEASE\spring-core-5.0.10.RELEASE.jar;F:\repo3\org\springframework\spring-jcl\5.0.10.RELEASE\spring-jcl-5.0.10.RELEASE.jar;F:\repo3\org\yaml\snakeyaml\1.19\snakeyaml-1.19.jar;F:\repo3\org\springframework\boot\spring-boot-starter-test\2.0.6.RELEASE\spring-boot-starter-test-2.0.6.RELEASE.jar;F:\repo3\org\springframework\boot\spring-boot-test\2.0.6.RELEASE\spring-boot-test-2.0.6.RELEASE.jar;F:\repo3\org\springframework\boot\spring-boot-test-autoconfigure\2.0.6.RELEASE\spring-boot-test-autoconfigure-2.0.6.RELEASE.jar;F:\repo3\com\jayway\jsonpath\json-path\2.4.0\json-path-2.4.0.jar;F:\repo3\net\minidev\json-smart\2.3\json-smart-2.3.jar;F:\repo3\net\minidev\accessors-smart\1.2\accessors-smart-1.2.jar;F:\repo3\org\ow2\asm\asm\5.0.4\asm-5.0.4.jar;F:\repo3\junit\junit\4.12\junit-4.12.jar;F:\repo3\org\assertj\assertj-core\3.9.1\assertj-core-3.9.1.jar;F:\repo3\org\mockito\mockito-core\2.15.0\mockito-core-2.15.0.jar;F:\repo3\net\bytebuddy\byte-buddy\1.7.11\byte-buddy-1.7.11.jar;F:\repo3\net\bytebuddy\byte-buddy-agent\1.7.11\byte-buddy-agent-1.7.11.jar;F:\repo3\org\objenesis\objenesis\2.6\objenesis-2.6.jar;F:\repo3\org\hamcrest\hamcrest-core\1.3\hamcrest-core-1.3.jar;F:\repo3\org\hamcrest\hamcrest-library\1.3\hamcrest-library-1.3.jar;F:\repo3\org\skyscreamer\jsonassert\1.5.0\jsonassert-1.5.0.jar;F:\repo3\com\vaadin\external\google\android-json\0.0.20131108.vaadin1\android-json-0.0.20131108.vaadin1.jar;F:\repo3\org\springframework\spring-test\5.0.10.RELEASE\spring-test-5.0.10.RELEASE.jar;F:\repo3\org\xmlunit\xmlunit-core\2.5.1\xmlunit-core-2.5.1.jar;F:\repo3\org\springframework\boot\spring-boot-starter-web\2.0.6.RELEASE\spring-boot-starter-web-2.0.6.RELEASE.jar;F:\repo3\org\springframework\boot\spring-boot-starter-json\2.0.6.RELEASE\spring-boot-starter-json-2.0.6.RELEASE.jar;F:\repo3\com\fasterxml\jackson\core\jackson-databind\2.9.7\jackson-databind-2.9.7.jar;F:\repo3\com\fasterxml\jackson\core\jackson-annotations\2.9.0\jackson-annotations-2.9.0.jar;F:\repo3\com\fasterxml\jackson\core\jackson-core\2.9.7\jackson-core-2.9.7.jar;F:\repo3\com\fasterxml\jackson\datatype\jackson-datatype-jdk8\2.9.7\jackson-datatype-jdk8-2.9.7.jar;F:\repo3\com\fasterxml\jackson\datatype\jackson-datatype-jsr310\2.9.7\jackson-datatype-jsr310-2.9.7.jar;F:\repo3\com\fasterxml\jackson\module\jackson-module-parameter-names\2.9.7\jackson-module-parameter-names-2.9.7.jar;F:\repo3\org\springframework\boot\spring-boot-starter-tomcat\2.0.6.RELEASE\spring-boot-starter-tomcat-2.0.6.RELEASE.jar;F:\repo3\org\apache\tomcat\embed\tomcat-embed-websocket\8.5.34\tomcat-embed-websocket-8.5.34.jar;F:\repo3\org\hibernate\validator\hibernate-validator\6.0.13.Final\hibernate-validator-6.0.13.Final.jar;F:\repo3\org\jboss\logging\jboss-logging\3.3.2.Final\jboss-logging-3.3.2.Final.jar;F:\repo3\com\fasterxml\classmate\1.3.4\classmate-1.3.4.jar;F:\repo3\org\springframework\spring-web\5.0.10.RELEASE\spring-web-5.0.10.RELEASE.jar;F:\repo3\org\springframework\spring-beans\5.0.10.RELEASE\spring-beans-5.0.10.RELEASE.jar;F:\repo3\org\springframework\spring-webmvc\5.0.10.RELEASE\spring-webmvc-5.0.10.RELEASE.jar;F:\repo3\org\springframework\spring-expression\5.0.10.RELEASE\spring-expression-5.0.10.RELEASE.jar;F:\repo3\org\projectlombok\lombok\1.16.22\lombok-1.16.22.jar;F:\repo3\com\baomidou\mybatis-plus-boot-starter\3.2.0\mybatis-plus-boot-starter-3.2.0.jar;F:\repo3\com\baomidou\mybatis-plus\3.2.0\mybatis-plus-3.2.0.jar;F:\repo3\org\springframework\boot\spring-boot-starter-jdbc\2.0.6.RELEASE\spring-boot-starter-jdbc-2.0.6.RELEASE.jar;F:\repo3\com\zaxxer\HikariCP\2.7.9\HikariCP-2.7.9.jar;F:\repo3\org\springframework\spring-jdbc\5.0.10.RELEASE\spring-jdbc-5.0.10.RELEASE.jar;F:\repo3\mysql\mysql-connector-java\5.1.47\mysql-connector-java-5.1.47.jar;F:\repo3\com\alibaba\druid-spring-boot-starter\1.1.17\druid-spring-boot-starter-1.1.17.jar;F:\repo3\com\alibaba\druid\1.1.17\druid-1.1.17.jar;F:\repo3\org\slf4j\slf4j-api\1.7.25\slf4j-api-1.7.25.jar;F:\repo3\org\springframework\boot\spring-boot-starter-aop\2.0.6.RELEASE\spring-boot-starter-aop-2.0.6.RELEASE.jar;F:\repo3\org\springframework\spring-aop\5.0.10.RELEASE\spring-aop-5.0.10.RELEASE.jar;F:\repo3\org\aspectj\aspectjweaver\1.8.13\aspectjweaver-1.8.13.jar;F:\repo3\jstl\jstl\1.2\jstl-1.2.jar;F:\repo3\org\apache\tomcat\embed\tomcat-embed-jasper\8.5.34\tomcat-embed-jasper-8.5.34.jar;F:\repo3\org\apache\tomcat\embed\tomcat-embed-core\8.5.34\tomcat-embed-core-8.5.34.jar;F:\repo3\org\apache\tomcat\tomcat-annotations-api\8.5.34\tomcat-annotations-api-8.5.34.jar;F:\repo3\org\apache\tomcat\embed\tomcat-embed-el\8.5.34\tomcat-embed-el-8.5.34.jar;F:\repo3\org\eclipse\jdt\ecj\3.12.3\ecj-3.12.3.jar;F:\repo3\com\oracle\ojdbc6\12.1.0.1-atlassian-hosted\ojdbc6-12.1.0.1-atlassian-hosted.jar;F:\repo3\org\apache\commons\commons-lang3\3.8.1\commons-lang3-3.8.1.jar;F:\repo3\commons-io\commons-io\2.6\commons-io-2.6.jar;F:\repo3\commons-fileupload\commons-fileupload\1.3.3\commons-fileupload-1.3.3.jar;F:\repo3\com\baomidou\mybatis-plus-generator\3.4.0\mybatis-plus-generator-3.4.0.jar;F:\repo3\com\baomidou\mybatis-plus-extension\3.4.0\mybatis-plus-extension-3.4.0.jar;F:\repo3\com\baomidou\mybatis-plus-core\3.4.0\mybatis-plus-core-3.4.0.jar;F:\repo3\com\baomidou\mybatis-plus-annotation\3.4.0\mybatis-plus-annotation-3.4.0.jar;F:\repo3\com\github\jsqlparser\jsqlparser\3.2\jsqlparser-3.2.jar;F:\repo3\org\mybatis\mybatis\3.5.5\mybatis-3.5.5.jar;F:\repo3\org\mybatis\mybatis-spring\2.0.5\mybatis-spring-2.0.5.jar;F:\repo3\org\apache\velocity\velocity-engine-core\2.2\velocity-engine-core-2.2.jar;F:\repo3\javax\servlet\javax.servlet-api\3.1.0\javax.servlet-api-3.1.0.jar;F:\repo3\com\aliyun\aliyun-java-sdk-core\4.5.3\aliyun-java-sdk-core-4.5.3.jar;F:\repo3\com\google\code\gson\gson\2.8.5\gson-2.8.5.jar;F:\repo3\org\apache\httpcomponents\httpclient\4.5.6\httpclient-4.5.6.jar;F:\repo3\commons-codec\commons-codec\1.11\commons-codec-1.11.jar;F:\repo3\org\apache\httpcomponents\httpcore\4.4.10\httpcore-4.4.10.jar;F:\repo3\commons-logging\commons-logging\1.2\commons-logging-1.2.jar;F:\repo3\javax\xml\bind\jaxb-api\2.3.1\jaxb-api-2.3.1.jar;F:\repo3\javax\activation\javax.activation-api\1.2.0\javax.activation-api-1.2.0.jar;F:\repo3\org\jacoco\org.jacoco.agent\0.8.5\org.jacoco.agent-0.8.5-runtime.jar;F:\repo3\org\ini4j\ini4j\0.5.4\ini4j-0.5.4.jar;F:\repo3\io\opentracing\opentracing-api\0.33.0\opentracing-api-0.33.0.jar;F:\repo3\io\opentracing\opentracing-util\0.33.0\opentracing-util-0.33.0.jar;F:\repo3\io\opentracing\opentracing-noop\0.33.0\opentracing-noop-0.33.0.jar;F:\repo3\com\qiniu\qiniu-java-sdk\7.3.0\qiniu-java-sdk-7.3.0.jar;F:\repo3\com\squareup\okhttp3\okhttp\3.14.4\okhttp-3.14.4.jar;F:\repo3\com\squareup\okio\okio\1.17.2\okio-1.17.2.jar;F:\repo3\org\springframework\boot\spring-boot-starter-data-redis\2.0.6.RELEASE\spring-boot-starter-data-redis-2.0.6.RELEASE.jar;F:\repo3\org\springframework\data\spring-data-redis\2.0.11.RELEASE\spring-data-redis-2.0.11.RELEASE.jar;F:\repo3\org\springframework\data\spring-data-keyvalue\2.0.11.RELEASE\spring-data-keyvalue-2.0.11.RELEASE.jar;F:\repo3\org\springframework\data\spring-data-commons\2.0.11.RELEASE\spring-data-commons-2.0.11.RELEASE.jar;F:\repo3\org\springframework\spring-tx\5.0.10.RELEASE\spring-tx-5.0.10.RELEASE.jar;F:\repo3\org\springframework\spring-oxm\5.0.10.RELEASE\spring-oxm-5.0.10.RELEASE.jar;F:\repo3\org\springframework\spring-context-support\5.0.10.RELEASE\spring-context-support-5.0.10.RELEASE.jar;F:\repo3\io\lettuce\lettuce-core\5.0.5.RELEASE\lettuce-core-5.0.5.RELEASE.jar;F:\repo3\io\projectreactor\reactor-core\3.1.10.RELEASE\reactor-core-3.1.10.RELEASE.jar;F:\repo3\org\reactivestreams\reactive-streams\1.0.2\reactive-streams-1.0.2.jar;F:\repo3\io\netty\netty-common\4.1.29.Final\netty-common-4.1.29.Final.jar;F:\repo3\io\netty\netty-transport\4.1.29.Final\netty-transport-4.1.29.Final.jar;F:\repo3\io\netty\netty-buffer\4.1.29.Final\netty-buffer-4.1.29.Final.jar;F:\repo3\io\netty\netty-resolver\4.1.29.Final\netty-resolver-4.1.29.Final.jar;F:\repo3\io\netty\netty-handler\4.1.29.Final\netty-handler-4.1.29.Final.jar;F:\repo3\io\netty\netty-codec\4.1.29.Final\netty-codec-4.1.29.Final.jar;F:\repo3\io\goeasy\goeasy-sdk\0.3.14\goeasy-sdk-0.3.14.jar;F:\repo3\com\alibaba\fastjson\1.2.24\fastjson-1.2.24.jar;F:\repo3\org\bytedeco\javacv\0.8\javacv-0.8.jar;F:\repo3\org\bytedeco\javacpp\0.8\javacpp-0.8.jar;F:\repo3\org\bytedeco\javacpp-presets\opencv\2.4.9-0.8\opencv-2.4.9-0.8.jar;F:\repo3\org\bytedeco\javacpp-presets\ffmpeg\2.2.1-0.8\ffmpeg-2.2.1-0.8.jar;F:\repo3\org\bytedeco\javacpp-presets\flycapture\1.7.17-0.8\flycapture-1.7.17-0.8.jar;F:\repo3\org\bytedeco\javacpp-presets\libdc1394\2.2.2-0.8\libdc1394-2.2.2-0.8.jar;F:\repo3\org\bytedeco\javacpp-presets\libfreenect\0.4-0.8\libfreenect-0.4-0.8.jar;F:\repo3\org\bytedeco\javacpp-presets\videoinput\0.200-0.8\videoinput-0.200-0.8.jar;F:\repo3\org\bytedeco\javacpp-presets\artoolkitplus\2.3.0-0.8\artoolkitplus-2.3.0-0.8.jar;F:\repo3\org\bytedeco\javacpp-presets\opencv\2.4.9-0.8\opencv-2.4.9-0.8-windows-x86_64.jar;F:\repo3\org\bytedeco\javacpp-presets\ffmpeg\2.2.1-0.8\ffmpeg-2.2.1-0.8-windows-x86_64.jar;F:\repo3\org\bytedeco\javacpp-presets\flycapture\1.7.17-0.8\flycapture-1.7.17-0.8-windows-x86_64.jar;F:\repo3\org\bytedeco\javacpp-presets\libdc1394\2.2.2-0.8\libdc1394-2.2.2-0.8-windows-x86_64.jar;F:\repo3\org\bytedeco\javacpp-presets\libfreenect\0.4-0.8\libfreenect-0.4-0.8-windows-x86_64.jar;F:\repo3\org\bytedeco\javacpp-presets\videoinput\0.200-0.8\videoinput-0.200-0.8-windows-x86_64.jar;F:\repo3\org\bytedeco\javacpp-presets\artoolkitplus\2.3.0-0.8\artoolkitplus-2.3.0-0.8-windows-x86_64.jar;F:\repo3\cn\afterturn\easypoi-base\4.0.0\easypoi-base-4.0.0.jar;F:\repo3\org\apache\poi\poi\4.0.0\poi-4.0.0.jar;F:\repo3\org\apache\commons\commons-collections4\4.2\commons-collections4-4.2.jar;F:\repo3\org\apache\poi\poi-ooxml\4.0.0\poi-ooxml-4.0.0.jar;F:\repo3\org\apache\commons\commons-compress\1.18\commons-compress-1.18.jar;F:\repo3\com\github\virtuald\curvesapi\1.04\curvesapi-1.04.jar;F:\repo3\org\apache\poi\poi-ooxml-schemas\4.0.0\poi-ooxml-schemas-4.0.0.jar;F:\repo3\org\apache\xmlbeans\xmlbeans\3.0.1\xmlbeans-3.0.1.jar;F:\repo3\com\google\guava\guava\16.0.1\guava-16.0.1.jar;F:\repo3\ognl\ognl\3.2.6\ognl-3.2.6.jar;F:\repo3\org\javassist\javassist\3.20.0-GA\javassist-3.20.0-GA.jar;F:\repo3\javax\validation\validation-api\2.0.1.Final\validation-api-2.0.1.Final.jar;F:\repo3\cn\afterturn\easypoi-web\4.0.0\easypoi-web-4.0.0.jar;F:\repo3\cn\afterturn\easypoi-annotation\4.0.0\easypoi-annotation-4.0.0.jar;F:\repo3\cn\afterturn\easypoi-spring-boot-starter\4.0.0\easypoi-spring-boot-starter-4.0.0.jar;F:\repo3\org\junit\jupiter\junit-jupiter\5.7.0\junit-jupiter-5.7.0.jar;F:\repo3\org\junit\jupiter\junit-jupiter-api\5.1.1\junit-jupiter-api-5.1.1.jar;F:\repo3\org\apiguardian\apiguardian-api\1.0.0\apiguardian-api-1.0.0.jar;F:\repo3\org\opentest4j\opentest4j\1.0.0\opentest4j-1.0.0.jar;F:\repo3\org\junit\platform\junit-platform-commons\1.1.1\junit-platform-commons-1.1.1.jar;F:\repo3\org\junit\jupiter\junit-jupiter-params\5.1.1\junit-jupiter-params-5.1.1.jar;F:\repo3\org\junit\jupiter\junit-jupiter-engine\5.1.1\junit-jupiter-engine-5.1.1.jar;F:\repo3\org\junit\platform\junit-platform-engine\1.1.1\junit-platform-engine-1.1.1.jar;, user.name=hp, java.vm.specification.version=1.8, sun.java.command=C:\Users\hp\AppData\Local\Temp\surefire7886337220343814393\surefirebooter8444712084910375764.jar C:\Users\hp\AppData\Local\Temp\surefire7886337220343814393 2020-10-12T21-25-23_459-jvmRun1 surefire5725810059037374725tmp surefire_08998631036917263886tmp, java.home=C:\Program Files\Java\jdk1.8.0_91\jre, sun.arch.data.model=64, user.language=zh, java.specification.vendor=Oracle Corporation, awt.toolkit=sun.awt.windows.WToolkit, java.vm.info=mixed mode, java.version=1.8.0_91, java.ext.dirs=C:\Program Files\Java\jdk1.8.0_91\jre\lib\ext;C:\WINDOWS\Sun\Java\lib\ext, sun.boot.class.path=C:\Program Files\Java\jdk1.8.0_91\jre\lib\resources.jar;C:\Program Files\Java\jdk1.8.0_91\jre\lib\rt.jar;C:\Program Files\Java\jdk1.8.0_91\jre\lib\sunrsasign.jar;C:\Program Files\Java\jdk1.8.0_91\jre\lib\jsse.jar;C:\Program Files\Java\jdk1.8.0_91\jre\lib\jce.jar;C:\Program Files\Java\jdk1.8.0_91\jre\lib\charsets.jar;C:\Program Files\Java\jdk1.8.0_91\jre\lib\jfr.jar;C:\Program Files\Java\jdk1.8.0_91\jre\classes, java.vendor=Oracle Corporation, localRepository=F:\repo3, file.separator=\, java.vendor.url.bug=http://bugreport.sun.com/bugreport/, sun.io.unicode.encoding=UnicodeLittle, sun.cpu.endian=little, sun.desktop=windows, sun.cpu.isalist=amd64}}, SystemEnvironmentPropertySource@1087081975 {name='systemEnvironment', properties={PATH=C:\oraclexe\app\oracle\product\10.2.0\server\bin;C:\Program Files\Java\jdk1.8.0_91\bin;C:\WINDOWS\system32;C:\WINDOWS;C:\WINDOWS\system32\wbem;F:\Program Files\VanDyke Software\Clients\;C:\Program Files\NVIDIA Corporation\NVIDIA NvDLISR;C:\Users\hp\AppData\Local\Microsoft\WindowsApps;, USERDOMAIN_ROAMINGPROFILE=LAPTOP-M15HI45A, PROCESSOR_LEVEL=6, SYSTEMDRIVE=C:, SESSIONNAME=Console, ALLUSERSPROFILE=C:\ProgramData, PLATFORMCODE=KV, PROCESSOR_ARCHITECTURE=AMD64, DRIVERDATA=C:\Windows\System32\Drivers\DriverData, PROGRAMFILES=C:\Program Files, PSMODULEPATH=C:\Program Files\WindowsPowerShell\Modules;C:\WINDOWS\system32\WindowsPowerShell\v1.0\Modules, PROGRAMDATA=C:\ProgramData, USERNAME=hp, FPS_BROWSER_USER_PROFILE_STRING=Default, ONEDRIVE=C:\Users\hp\OneDrive, PATHEXT=.COM;.EXE;.BAT;.CMD;.VBS;.VBE;.JS;.JSE;.WSF;.WSH;.MSC, REGIONCODE=APJ, WINDIR=C:\WINDOWS, =F:=F:\Idea-workspace\syj-yxue-module-system, HOMEPATH=\Users\hp, PROCESSOR_IDENTIFIER=Intel64 Family 6 Model 158 Stepping 10, GenuineIntel, PUBLIC=C:\Users\Public, =::=::\, LOCALAPPDATA=C:\Users\hp\AppData\Local, COMMONPROGRAMFILES(X86)=C:\Program Files (x86)\Common Files, USERDOMAIN=LAPTOP-M15HI45A, FPS_BROWSER_APP_PROFILE_STRING=Internet Explorer, LOGONSERVER=\\LAPTOP-M15HI45A, JAVA_HOME=C:\Program Files\Java\jdk1.8.0_91, PROMPT=$P$G, PROGRAMFILES(X86)=C:\Program Files (x86), ONLINESERVICES=Online Services, APPDATA=C:\Users\hp\AppData\Roaming, PROGRAMW6432=C:\Program Files, SYSTEMROOT=C:\WINDOWS, JETBRAINS_LICENSE_SERVER=http://fls.jetbrains-agent.com, OS=Windows_NT, COMMONPROGRAMW6432=C:\Program Files\Common Files, COMPUTERNAME=LAPTOP-M15HI45A, COMMONPROGRAMFILES=C:\Program Files\Common Files, COMSPEC=C:\WINDOWS\system32\cmd.exe, PROCESSOR_REVISION=9e0a, CLASSPATH=., TEMP=C:\Users\hp\AppData\Local\Temp, HOMEDRIVE=C:, USERPROFILE=C:\Users\hp, TMP=C:\Users\hp\AppData\Local\Temp, NUMBER_OF_PROCESSORS=8, IDEA_INITIAL_DIRECTORY=F:\IntelliJ IDEA 2019.3.3\bin}}]
21:25:27.512 [main] DEBUG org.springframework.test.context.support.TestPropertySourceUtils - Adding inlined properties to environment: {spring.jmx.enabled=false, org.springframework.boot.test.context.SpringBootTestContextBootstrapper=true, server.port=-1}
21:25:27.513 [main] DEBUG org.springframework.core.env.StandardEnvironment - Adding PropertySource 'Inlined Test Properties' with highest search precedence

  .   ____          _            __ _ _
 /\\ / ___'_ __ _ _(_)_ __  __ _ \ \ \ \
( ( )\___ | '_ | '_| | '_ \/ _` | \ \ \ \
 \\/  ___)| |_)| | | | | || (_| |  ) ) ) )
  '  |____| .__|_| |_|_| |_\__, | / / / /
 =========|_|==============|___/=/_/_/_/
 :: Spring Boot ::        (v2.0.6.RELEASE)

2020-10-12 21:25:28.494  INFO 6724 --- [           main] com.baizhi.Test.RedisTest                : Starting RedisTest on LAPTOP-M15HI45A with PID 6724 (started by hp in F:\Idea-workspace\syj-yxue-module-system)
2020-10-12 21:25:28.497  INFO 6724 --- [           main] com.baizhi.Test.RedisTest                : No active profile set, falling back to default profiles: default
2020-10-12 21:25:28.706  INFO 6724 --- [           main] o.s.w.c.s.GenericWebApplicationContext   : Refreshing org.springframework.web.context.support.GenericWebApplicationContext@79c97cb: startup date [Mon Oct 12 21:25:28 GMT+08:00 2020]; root of context hierarchy
2020-10-12 21:25:30.866  INFO 6724 --- [           main] o.s.b.f.s.DefaultListableBeanFactory     : Overriding bean definition for bean 'beanNameViewResolver' with a different definition: replacing [Root bean: class [null]; scope=; abstract=false; lazyInit=false; autowireMode=3; dependencyCheck=0; autowireCandidate=true; primary=false; factoryBeanName=org.springframework.boot.autoconfigure.web.servlet.error.ErrorMvcAutoConfiguration$WhitelabelErrorViewConfiguration; factoryMethodName=beanNameViewResolver; initMethodName=null; destroyMethodName=(inferred); defined in class path resource [org/springframework/boot/autoconfigure/web/servlet/error/ErrorMvcAutoConfiguration$WhitelabelErrorViewConfiguration.class]] with [Root bean: class [null]; scope=; abstract=false; lazyInit=false; autowireMode=3; dependencyCheck=0; autowireCandidate=true; primary=false; factoryBeanName=cn.afterturn.easypoi.configuration.EasyPoiAutoConfiguration; factoryMethodName=beanNameViewResolver; initMethodName=null; destroyMethodName=(inferred); defined in class path resource [cn/afterturn/easypoi/configuration/EasyPoiAutoConfiguration.class]]
2020-10-12 21:25:31.060  INFO 6724 --- [           main] .s.d.r.c.RepositoryConfigurationDelegate : Multiple Spring Data modules found, entering strict repository configuration mode!
2020-10-12 21:25:32.834  INFO 6724 --- [           main] trationDelegate$BeanPostProcessorChecker : Bean 'org.springframework.transaction.annotation.ProxyTransactionManagementConfiguration' of type [org.springframework.transaction.annotation.ProxyTransactionManagementConfiguration$$EnhancerBySpringCGLIB$$28d851fa] is not eligible for getting processed by all BeanPostProcessors (for example: not eligible for auto-proxying)
2020-10-12 21:25:33.868  INFO 6724 --- [           main] c.a.d.s.b.a.DruidDataSourceAutoConfigure : Init DruidDataSource
2020-10-12 21:25:34.524  INFO 6724 --- [           main] com.alibaba.druid.pool.DruidDataSource   : {dataSource-1} inited
 _ _   |_  _ _|_. ___ _ |    _ 
| | |\/|_)(_| | |_\  |_)||_|_\ 
     /               |         
                        3.4.0 
2020-10-12 21:25:47.691  INFO 6724 --- [           main] o.s.w.s.handler.SimpleUrlHandlerMapping  : Mapped URL path [/**/favicon.ico] onto handler of type [class org.springframework.web.servlet.resource.ResourceHttpRequestHandler]
2020-10-12 21:25:48.770  INFO 6724 --- [           main] s.w.s.m.m.a.RequestMappingHandlerAdapter : Looking for @ControllerAdvice: org.springframework.web.context.support.GenericWebApplicationContext@79c97cb: startup date [Mon Oct 12 21:25:28 GMT+08:00 2020]; root of context hierarchy
2020-10-12 21:25:48.960  INFO 6724 --- [           main] s.w.s.m.m.a.RequestMappingHandlerMapping : Mapped "{[/app/queryByLikeVideoName]}" onto public java.util.Map<java.lang.String, java.lang.Object> com.baizhi.app.AppVideoController.queryByLikeVideoName(java.lang.String)
2020-10-12 21:25:48.961  INFO 6724 --- [           main] s.w.s.m.m.a.RequestMappingHandlerMapping : Mapped "{[/app/queryByReleaseTime],methods=[GET]}" onto public java.util.Map<java.lang.String, java.lang.Object> com.baizhi.app.AppVideoController.queryByReleaseTime()
2020-10-12 21:25:48.962  INFO 6724 --- [           main] s.w.s.m.m.a.RequestMappingHandlerMapping : Mapped "{[/app/queryByVideoDetail]}" onto public java.util.Map<java.lang.String, java.lang.Object> com.baizhi.app.AppVideoController.queryByVideoDetail(java.lang.String,java.lang.String,java.lang.String)
2020-10-12 21:25:48.963  INFO 6724 --- [           main] s.w.s.m.m.a.RequestMappingHandlerMapping : Mapped "{[/admin/exit]}" onto public java.lang.String com.baizhi.controller.AdminController.exit(javax.servlet.http.HttpSession)
2020-10-12 21:25:48.963  INFO 6724 --- [           main] s.w.s.m.m.a.RequestMappingHandlerMapping : Mapped "{[/admin/adminLogin]}" onto public java.lang.String com.baizhi.controller.AdminController.adminLogin(com.baizhi.entity.Admin,java.lang.String,java.lang.String,javax.servlet.http.HttpSession)
2020-10-12 21:25:48.964  INFO 6724 --- [           main] s.w.s.m.m.a.RequestMappingHandlerMapping : Mapped "{[/admin/sendPhoneCode]}" onto public com.baizhi.common.Result<?> com.baizhi.controller.AdminController.sendPhoneCode(java.lang.String)
2020-10-12 21:25:48.968  INFO 6724 --- [           main] s.w.s.m.m.a.RequestMappingHandlerMapping : Mapped "{[/category/showCategory]}" onto public com.baizhi.common.Result<?> com.baizhi.controller.CategoryController.showCategory(java.lang.Integer,java.lang.Integer,com.baizhi.entity.Category)
2020-10-12 21:25:48.969  INFO 6724 --- [           main] s.w.s.m.m.a.RequestMappingHandlerMapping : Mapped "{[/category/edit]}" onto public com.baizhi.common.Result<?> com.baizhi.controller.CategoryController.edit(com.baizhi.entity.Category,java.lang.String)
2020-10-12 21:25:48.969  INFO 6724 --- [           main] s.w.s.m.m.a.RequestMappingHandlerMapping : Mapped "{[/category/showByIdCategory]}" onto public com.baizhi.common.Result<?> com.baizhi.controller.CategoryController.showByIdCategory(java.lang.Integer,java.lang.Integer,java.lang.String)
2020-10-12 21:25:48.971  INFO 6724 --- [           main] s.w.s.m.m.a.RequestMappingHandlerMapping : Mapped "{[/comment/showByIdComment]}" onto public com.baizhi.common.Result2<?> com.baizhi.controller.CommentController.showByIdComment(java.lang.Integer,java.lang.Integer,java.lang.String)
2020-10-12 21:25:48.972  INFO 6724 --- [           main] s.w.s.m.m.a.RequestMappingHandlerMapping : Mapped "{[/comment/showAllComment]}" onto public com.baizhi.common.Result2<?> com.baizhi.controller.CommentController.showAllComment(java.lang.Integer,java.lang.Integer)
2020-10-12 21:25:48.972  INFO 6724 --- [           main] s.w.s.m.m.a.RequestMappingHandlerMapping : Mapped "{[/comment/edit]}" onto public com.baizhi.common.Result<?> com.baizhi.controller.CommentController.edit(com.baizhi.entity.Comment,java.lang.String)
2020-10-12 21:25:48.973  INFO 6724 --- [           main] s.w.s.m.m.a.RequestMappingHandlerMapping : Mapped "{[/feedback/edit]}" onto public com.baizhi.common.Result<?> com.baizhi.controller.FeedbackController.edit(com.baizhi.entity.Feedback,java.lang.String)
2020-10-12 21:25:48.974  INFO 6724 --- [           main] s.w.s.m.m.a.RequestMappingHandlerMapping : Mapped "{[/feedback/showFeedback]}" onto public com.baizhi.common.Result2<?> com.baizhi.controller.FeedbackController.showFeedback(java.lang.Integer,java.lang.Integer)
2020-10-12 21:25:48.976  INFO 6724 --- [           main] s.w.s.m.m.a.RequestMappingHandlerMapping : Mapped "{[/log/edit]}" onto public com.baizhi.common.Result<?> com.baizhi.controller.LogController.edit(com.baizhi.log.entity.Log,java.lang.String)
2020-10-12 21:25:48.976  INFO 6724 --- [           main] s.w.s.m.m.a.RequestMappingHandlerMapping : Mapped "{[/log/showLog]}" onto public com.baizhi.common.Result<?> com.baizhi.controller.LogController.showLog(java.lang.Integer,java.lang.Integer)
2020-10-12 21:25:48.977  INFO 6724 --- [           main] s.w.s.m.m.a.RequestMappingHandlerMapping : Mapped "{[/user/updateStatus]}" onto public void com.baizhi.controller.UserController.updateStatus(java.lang.String)
2020-10-12 21:25:48.978  INFO 6724 --- [           main] s.w.s.m.m.a.RequestMappingHandlerMapping : Mapped "{[/user/edit]}" onto public com.baizhi.common.Result<?> com.baizhi.controller.UserController.edit(com.baizhi.entity.User,java.lang.String)
2020-10-12 21:25:48.978  INFO 6724 --- [           main] s.w.s.m.m.a.RequestMappingHandlerMapping : Mapped "{[/user/queryUser]}" onto public java.util.HashMap<java.lang.String, java.lang.Object> com.baizhi.controller.UserController.queryUser()
2020-10-12 21:25:48.978  INFO 6724 --- [           main] s.w.s.m.m.a.RequestMappingHandlerMapping : Mapped "{[/user/headUpload]}" onto public void com.baizhi.controller.UserController.headUpload(java.lang.String,org.springframework.web.multipart.MultipartFile) throws java.lang.Exception
2020-10-12 21:25:48.980  INFO 6724 --- [           main] s.w.s.m.m.a.RequestMappingHandlerMapping : Mapped "{[/user/userLogin]}" onto public com.baizhi.common.Result<?> com.baizhi.controller.UserController.userLogin()
2020-10-12 21:25:48.981  INFO 6724 --- [           main] s.w.s.m.m.a.RequestMappingHandlerMapping : Mapped "{[/user/queryMap]}" onto public java.util.ArrayList<com.baizhi.entity.Common> com.baizhi.controller.UserController.queryMap()
2020-10-12 21:25:48.981  INFO 6724 --- [           main] s.w.s.m.m.a.RequestMappingHandlerMapping : Mapped "{[/user/showUser]}" onto public com.baizhi.common.Result<?> com.baizhi.controller.UserController.showUser(java.lang.Integer,java.lang.Integer,com.baizhi.entity.User)
2020-10-12 21:25:48.983  INFO 6724 --- [           main] s.w.s.m.m.a.RequestMappingHandlerMapping : Mapped "{[/video/edit]}" onto public com.baizhi.common.Result<?> com.baizhi.controller.VideoController.edit(com.baizhi.entity.Video,java.lang.String) throws java.lang.Exception
2020-10-12 21:25:48.983  INFO 6724 --- [           main] s.w.s.m.m.a.RequestMappingHandlerMapping : Mapped "{[/video/showVideo]}" onto public com.baizhi.common.Result2<?> com.baizhi.controller.VideoController.showVideo(java.lang.Integer,java.lang.Integer,com.baizhi.entity.Video,java.lang.String,java.lang.String)
2020-10-12 21:25:48.984  INFO 6724 --- [           main] s.w.s.m.m.a.RequestMappingHandlerMapping : Mapped "{[/video/videoUpload]}" onto public void com.baizhi.controller.VideoController.videoUpload(java.lang.String,org.springframework.web.multipart.MultipartFile) throws java.lang.Exception
2020-10-12 21:25:48.985  INFO 6724 --- [           main] s.w.s.m.m.a.RequestMappingHandlerMapping : Mapped "{[/video/cate]}" onto public java.lang.StringBuilder com.baizhi.controller.VideoController.cate(java.lang.String)
2020-10-12 21:25:48.991  INFO 6724 --- [           main] s.w.s.m.m.a.RequestMappingHandlerMapping : Mapped "{[/error]}" onto public org.springframework.http.ResponseEntity<java.util.Map<java.lang.String, java.lang.Object>> org.springframework.boot.autoconfigure.web.servlet.error.BasicErrorController.error(javax.servlet.http.HttpServletRequest)
2020-10-12 21:25:48.993  INFO 6724 --- [           main] s.w.s.m.m.a.RequestMappingHandlerMapping : Mapped "{[/error],produces=[text/html]}" onto public org.springframework.web.servlet.ModelAndView org.springframework.boot.autoconfigure.web.servlet.error.BasicErrorController.errorHtml(javax.servlet.http.HttpServletRequest,javax.servlet.http.HttpServletResponse)
2020-10-12 21:25:49.101  INFO 6724 --- [           main] o.s.w.s.handler.SimpleUrlHandlerMapping  : Mapped URL path [/webjars/**] onto handler of type [class org.springframework.web.servlet.resource.ResourceHttpRequestHandler]
2020-10-12 21:25:49.102  INFO 6724 --- [           main] o.s.w.s.handler.SimpleUrlHandlerMapping  : Mapped URL path [/**] onto handler of type [class org.springframework.web.servlet.resource.ResourceHttpRequestHandler]
2020-10-12 21:25:50.954  INFO 6724 --- [           main] com.baizhi.Test.RedisTest                : Started RedisTest in 23.407 seconds (JVM running for 26.066)
2020-10-12 21:25:52.260  INFO 6724 --- [           main] io.lettuce.core.EpollProvider            : Starting without optional epoll library
2020-10-12 21:25:52.263  INFO 6724 --- [           main] io.lettuce.core.KqueueProvider           : Starting without optional kqueue library
]]></system-out>
  </testcase>
</testsuite>